<?xml version="1.0" encoding="UTF-8"?>
<testng-results skipped="0" failed="0" ignored="0" total="1" passed="1">
  <reporter-output>
  </reporter-output>
  <suite name="Default suite" duration-ms="22042" started-at="2020-01-20T20:42:45Z" finished-at="2020-01-20T20:43:07Z">
    <groups>
    </groups>
    <test name="Default test" duration-ms="22042" started-at="2020-01-20T20:42:45Z" finished-at="2020-01-20T20:43:07Z">
      <class name="testcases.LoginTest">
        <test-method status="PASS" signature="beforeMethod()[pri:0, instance:testcases.LoginTest@604ed9f0]" name="beforeMethod" is-config="true" duration-ms="8385" started-at="2020-01-20T20:42:45Z" finished-at="2020-01-20T20:42:54Z">
          <reporter-output>
          </reporter-output>
        </test-method> <!-- beforeMethod -->
        <test-method status="PASS" signature="creatNewProject()[pri:1, instance:testcases.LoginTest@604ed9f0]" name="creatNewProject" duration-ms="13635" started-at="2020-01-20T20:42:54Z" description="Create New Project" finished-at="2020-01-20T20:43:07Z">
          <reporter-output>
          </reporter-output>
        </test-method> <!-- creatNewProject -->
        <test-method status="PASS" signature="afterMethod()[pri:0, instance:testcases.LoginTest@604ed9f0]" name="afterMethod" is-config="true" duration-ms="0" started-at="2020-01-20T20:43:07Z" finished-at="2020-01-20T20:43:07Z">
          <reporter-output>
          </reporter-output>
        </test-method> <!-- afterMethod -->
      </class> <!-- testcases.LoginTest -->
    </test> <!-- Default test -->
  </suite> <!-- Default suite -->
</testng-results>
